Unity Editor version:    2020.3.17f1 (a4537701e4ab)
Branch:                  2020.3/staging
Build type:              Release
Batch mode:              YES
macOS version:           Version 11.2.1 (Build 20D75)
Darwin version:          20.3.0
Architecture:            x86_64
Running under Rosetta:   NO
Available memory:        8192 MB
Using pre-set license
Pro License: NO

COMMAND LINE ARGUMENTS:
/Applications/Unity/Hub/Editor/2020.3.17f1/Unity.app/Contents/MacOS/Unity
-adb2
-batchMode
-noUpm
-name
AssetImportWorker0
-projectPath
/Users/ryan/TheLastVanguard
-logFile
Logs/AssetImportWorker0.log
-srvPort
49532
Successfully changed project path to: /Users/ryan/TheLastVanguard
/Users/ryan/TheLastVanguard
Using Asset Import Pipeline V2.
Refreshing native plugins compatible for Editor in 36.58 ms, found 2 plugins.
Preloading 0 native plugins for Editor in 0.00 ms.
Initialize engine version: 2020.3.17f1 (a4537701e4ab)
[Subsystems] Discovering subsystems at path /Applications/Unity/Hub/Editor/2020.3.17f1/Unity.app/Contents/Resources/UnitySubsystems
[Subsystems] Discovering subsystems at path /Users/ryan/TheLastVanguard/Assets
GfxDevice: creating device client; threaded=0
2021-12-07 10:33:06.271 Unity[77736:1267863] Color LCD preferred device: Intel(R) Iris(TM) Plus Graphics 640 (low power)
2021-12-07 10:33:06.271 Unity[77736:1267863] Metal devices available: 1
2021-12-07 10:33:06.272 Unity[77736:1267863] 0: Intel(R) Iris(TM) Plus Graphics 640 (low power)
2021-12-07 10:33:06.272 Unity[77736:1267863] Using device Intel(R) Iris(TM) Plus Graphics 640 (low power)
Initializing Metal device caps: Intel(R) Iris(TM) Plus Graphics 640
Initialize mono
Mono path[0] = '/Applications/Unity/Hub/Editor/2020.3.17f1/Unity.app/Contents/Managed'
Mono path[1] = '/Applications/Unity/Hub/Editor/2020.3.17f1/Unity.app/Contents/MonoBleedingEdge/lib/mono/unityjit'
Mono config path = '/Applications/Unity/Hub/Editor/2020.3.17f1/Unity.app/Contents/MonoBleedingEdge/etc'
Using monoOptions --debugger-agent=transport=dt_socket,embedding=1,server=y,suspend=n,address=127.0.0.1:56736
Begin MonoManager ReloadAssembly
Registering precompiled unity dll's ...
Register platform support module: /Applications/Unity/Hub/Editor/2020.3.17f1/PlaybackEngines/WebGLSupport/UnityEditor.WebGL.Extensions.dll
Register platform support module: /Applications/Unity/Hub/Editor/2020.3.17f1/Unity.app/Contents/PlaybackEngines/MacStandaloneSupport/UnityEditor.OSXStandalone.Extensions.dll
Registered in 0.000699 seconds.
Native extension for OSXStandalone target not found
Native extension for WebGL target not found
Refreshing native plugins compatible for Editor in 35.43 ms, found 2 plugins.
Preloading 0 native plugins for Editor in 0.00 ms.
Mono: successfully reloaded assembly
- Completed reload, in  1.672 seconds
Domain Reload Profiling:
	ReloadAssembly (1673ms)
		BeginReloadAssembly (47ms)
			ExecutionOrderSort (0ms)
			DisableScriptedObjects (0ms)
			BackupInstance (0ms)
			ReleaseScriptingObjects (0ms)
			CreateAndSetChildDomain (1ms)
		EndReloadAssembly (592ms)
			LoadAssemblies (46ms)
			RebuildTransferFunctionScriptingTraits (0ms)
			SetupTypeCache (229ms)
			ReleaseScriptCaches (0ms)
			RebuildScriptCaches (49ms)
			SetupLoadedEditorAssemblies (246ms)
				LogAssemblyErrors (0ms)
				InitializePlatformSupportModulesInManaged (6ms)
				SetLoadedEditorAssemblies (0ms)
				RefreshPlugins (35ms)
				BeforeProcessingInitializeOnLoad (36ms)
				ProcessInitializeOnLoadAttributes (130ms)
				ProcessInitializeOnLoadMethodAttributes (39ms)
				AfterProcessingInitializeOnLoad (0ms)
				EditorAssembliesLoaded (0ms)
			ExecutionOrderSort2 (0ms)
			AwakeInstancesAfterBackupRestoration (0ms)
Platform modules already initialized, skipping
Registering precompiled user dll's ...
Registered in 0.002160 seconds.
Begin MonoManager ReloadAssembly
Native extension for OSXStandalone target not found
Native extension for WebGL target not found
Refreshing native plugins compatible for Editor in 0.38 ms, found 2 plugins.
Preloading 0 native plugins for Editor in 0.00 ms.
Mono: successfully reloaded assembly
- Completed reload, in  1.414 seconds
Domain Reload Profiling:
	ReloadAssembly (1415ms)
		BeginReloadAssembly (190ms)
			ExecutionOrderSort (0ms)
			DisableScriptedObjects (6ms)
			BackupInstance (0ms)
			ReleaseScriptingObjects (0ms)
			CreateAndSetChildDomain (40ms)
		EndReloadAssembly (1142ms)
			LoadAssemblies (86ms)
			RebuildTransferFunctionScriptingTraits (0ms)
			SetupTypeCache (392ms)
			ReleaseScriptCaches (0ms)
			RebuildScriptCaches (65ms)
			SetupLoadedEditorAssemblies (459ms)
				LogAssemblyErrors (0ms)
				InitializePlatformSupportModulesInManaged (7ms)
				SetLoadedEditorAssemblies (1ms)
				RefreshPlugins (0ms)
				BeforeProcessingInitializeOnLoad (84ms)
				ProcessInitializeOnLoadAttributes (360ms)
				ProcessInitializeOnLoadMethodAttributes (5ms)
				AfterProcessingInitializeOnLoad (2ms)
				EditorAssembliesLoaded (0ms)
			ExecutionOrderSort2 (0ms)
			AwakeInstancesAfterBackupRestoration (9ms)
Platform modules already initialized, skipping
Validating Project structure ... 0.006093 seconds.
Shader import version has changed; will reimport all shaders...
Upgrading shader files ...0.032188 seconds.
Application.AssetDatabase Initial Script Refresh Start
RefreshInfo: InitialScriptRefreshV2(NoUpdateAssetOptions) scanfilter:  ... 1 filters
RefreshProfiler: Total: 0.000ms
Application.AssetDatabase Initial Script Refresh End
Application.AssetDatabase.Refresh Start
Application.AssetDatabase.Refresh End
RefreshInfo: StopAssetImportingV2(ForceSynchronousImport) scanfilter: 
RefreshProfiler: Total: 0.000ms
Launching external process: /Applications/Unity/Hub/Editor/2020.3.17f1/Unity.app/Contents/Tools/UnityShaderCompiler
Launched and connected shader compiler UnityShaderCompiler after 0.01 seconds
Initializing Unity extensions:
========================================================================
Worker process is ready to serve import requests
Refreshing native plugins compatible for Editor in 0.42 ms, found 2 plugins.
Preloading 0 native plugins for Editor in 0.00 ms.
Unloading 1482 Unused Serialized files (Serialized files now loaded: 0)
System memory in use before: 250.5 MB.
System memory in use after: 250.2 MB.

Unloading 107 unused Assets to reduce memory usage. Loaded Objects now: 1971.
Total: 3.484707 ms (FindLiveObjects: 0.212549 ms CreateObjectMapping: 0.067317 ms MarkObjects: 2.913304 ms  DeleteObjects: 0.290267 ms)

AssetImportParameters requested are different than current active one (requested -> active):
  custom:video-decoder-ogg-theora: a1e56fd34408186e4bbccfd4996cb3dc -> 
  custom:container-muxer-webm: aa71ff27fc2769a1b78a27578f13a17b -> 
  custom:container-demuxer-webm: 4f35f7cbe854078d1ac9338744f61a02 -> 
  custom:container-demuxer-ogg: 62fdf1f143b41e24485cea50d1cbac27 -> 
  custom:video-encoder-webm-vp8: eb34c28f22e8b96e1ab97ce403110664 -> 
  custom:framework-osx-AVFoundation: e770b220cccbd017edd2c1fefb359320 -> 
  custom:video-decoder-webm-vp8: 9c59270c3fd7afecdb556c50c9e8de78 -> 
  custom:audio-decoder-ogg-vorbis: bf7c407c2cedff20999df2af8eb42d56 -> 
  custom:audio-encoder-webm-vorbis: bf7c407c2cedff20999df2af8eb42d56 -> 
========================================================================
Received Import Request.
  path: Assets/Enemies/EnemyFiring.cs
  artifactKey: Guid(4de4a7fc9c31241b4b38066b10471512) Importer(815301076,1909f56bfc062723c751e8b465ee728b)
Start importing Assets/Enemies/EnemyFiring.cs using Guid(4de4a7fc9c31241b4b38066b10471512) Importer(815301076,1909f56bfc062723c751e8b465ee728b)  -> (artifact id: '9eb431e2aaa8440875c014cab46b08d8') in 3.399263 seconds 
  Import took 3.403953 seconds .

========================================================================
Received Import Request.
  Time since last request: 50.233007 seconds.
  path: Assets/EffectExamples/Weapon Effects/Prefabs/MuzzleFlash01.prefab
  artifactKey: Guid(ad2ab49d0a2a17148bd51c93d977bdbc) Importer(815301076,1909f56bfc062723c751e8b465ee728b)
Start importing Assets/EffectExamples/Weapon Effects/Prefabs/MuzzleFlash01.prefab using Guid(ad2ab49d0a2a17148bd51c93d977bdbc) Importer(815301076,1909f56bfc062723c751e8b465ee728b)  -> (artifact id: 'c9b58cc83d92e0e654124e72b6b97876') in 1.325964 seconds 
  Import took 1.329930 seconds .

========================================================================
Received Import Request.
  Time since last request: 0.003261 seconds.
  path: Assets/EffectExamples/Weapon Effects/Prefabs/StoneImpacts.prefab
  artifactKey: Guid(8b7a1ffda5bb7474b8fae646c45ce7b4) Importer(815301076,1909f56bfc062723c751e8b465ee728b)
Start importing Assets/EffectExamples/Weapon Effects/Prefabs/StoneImpacts.prefab using Guid(8b7a1ffda5bb7474b8fae646c45ce7b4) Importer(815301076,1909f56bfc062723c751e8b465ee728b)  -> (artifact id: 'b2142ff23ea3ccc9b72f19f5117c30e1') in 0.068608 seconds 
  Import took 0.072859 seconds .

========================================================================
Received Import Request.
  Time since last request: 0.000259 seconds.
  path: Assets/EffectExamples/Weapon Effects/Prefabs/SandImpacts.prefab
  artifactKey: Guid(bca9020d2c9c915448fb5263a425faf4) Importer(815301076,1909f56bfc062723c751e8b465ee728b)
Start importing Assets/EffectExamples/Weapon Effects/Prefabs/SandImpacts.prefab using Guid(bca9020d2c9c915448fb5263a425faf4) Importer(815301076,1909f56bfc062723c751e8b465ee728b)  -> (artifact id: '473e63a2ad9521a222469d9ce99b13fa') in 0.046004 seconds 
  Import took 0.050038 seconds .

========================================================================
Received Import Request.
  Time since last request: 0.000388 seconds.
  path: Assets/EffectExamples/Weapon Effects/Prefabs/WoodImpacts.prefab
  artifactKey: Guid(3c0b5f221ea995442b9d11dc526de1c0) Importer(815301076,1909f56bfc062723c751e8b465ee728b)
Start importing Assets/EffectExamples/Weapon Effects/Prefabs/WoodImpacts.prefab using Guid(3c0b5f221ea995442b9d11dc526de1c0) Importer(815301076,1909f56bfc062723c751e8b465ee728b)  -> (artifact id: '91d4c4f8df7ab7f9a2f38f0d6e3136d3') in 0.063418 seconds 
  Import took 0.068024 seconds .

========================================================================
Received Import Request.
  Time since last request: 0.000297 seconds.
  path: Assets/EffectExamples/Weapon Effects/Prefabs/SandImpacts.prefab
  artifactKey: Guid(bca9020d2c9c915448fb5263a425faf4) Importer(815301076,1909f56bfc062723c751e8b465ee728b)
Start importing Assets/EffectExamples/Weapon Effects/Prefabs/SandImpacts.prefab using Guid(bca9020d2c9c915448fb5263a425faf4) Importer(815301076,1909f56bfc062723c751e8b465ee728b)  -> (artifact id: '473e63a2ad9521a222469d9ce99b13fa') in 0.015119 seconds 
  Import took 0.018307 seconds .

========================================================================
Received Prepare
Registering precompiled user dll's ...
Registered in 0.001560 seconds.
Begin MonoManager ReloadAssembly
Native extension for OSXStandalone target not found
Native extension for WebGL target not found
Refreshing native plugins compatible for Editor in 0.43 ms, found 2 plugins.
Preloading 0 native plugins for Editor in 0.00 ms.
Mono: successfully reloaded assembly
- Completed reload, in  1.358 seconds
Domain Reload Profiling:
	ReloadAssembly (1358ms)
		BeginReloadAssembly (144ms)
			ExecutionOrderSort (0ms)
			DisableScriptedObjects (7ms)
			BackupInstance (0ms)
			ReleaseScriptingObjects (0ms)
			CreateAndSetChildDomain (71ms)
		EndReloadAssembly (1132ms)
			LoadAssemblies (86ms)
			RebuildTransferFunctionScriptingTraits (0ms)
			SetupTypeCache (362ms)
			ReleaseScriptCaches (1ms)
			RebuildScriptCaches (57ms)
			SetupLoadedEditorAssemblies (483ms)
				LogAssemblyErrors (0ms)
				InitializePlatformSupportModulesInManaged (7ms)
				SetLoadedEditorAssemblies (1ms)
				RefreshPlugins (0ms)
				BeforeProcessingInitializeOnLoad (123ms)
				ProcessInitializeOnLoadAttributes (345ms)
				ProcessInitializeOnLoadMethodAttributes (4ms)
				AfterProcessingInitializeOnLoad (2ms)
				EditorAssembliesLoaded (0ms)
			ExecutionOrderSort2 (0ms)
			AwakeInstancesAfterBackupRestoration (9ms)
Platform modules already initialized, skipping
Refreshing native plugins compatible for Editor in 0.42 ms, found 2 plugins.
Preloading 0 native plugins for Editor in 0.00 ms.
Unloading 1461 Unused Serialized files (Serialized files now loaded: 0)
System memory in use before: 255.8 MB.
System memory in use after: 255.8 MB.

Unloading 18 unused Assets to reduce memory usage. Loaded Objects now: 1981.
Total: 3.236359 ms (FindLiveObjects: 0.178018 ms CreateObjectMapping: 0.050498 ms MarkObjects: 2.881356 ms  DeleteObjects: 0.125681 ms)

AssetImportParameters requested are different than current active one (requested -> active):
  custom:video-decoder-ogg-theora: a1e56fd34408186e4bbccfd4996cb3dc -> 
  custom:container-muxer-webm: aa71ff27fc2769a1b78a27578f13a17b -> 
  custom:container-demuxer-webm: 4f35f7cbe854078d1ac9338744f61a02 -> 
  custom:container-demuxer-ogg: 62fdf1f143b41e24485cea50d1cbac27 -> 
  custom:video-encoder-webm-vp8: eb34c28f22e8b96e1ab97ce403110664 -> 
  custom:framework-osx-AVFoundation: e770b220cccbd017edd2c1fefb359320 -> 
  custom:video-decoder-webm-vp8: 9c59270c3fd7afecdb556c50c9e8de78 -> 
  custom:audio-decoder-ogg-vorbis: bf7c407c2cedff20999df2af8eb42d56 -> 
  custom:audio-encoder-webm-vorbis: bf7c407c2cedff20999df2af8eb42d56 -> 
========================================================================
Received Import Request.
  Time since last request: 10.462799 seconds.
  path: Assets/EffectExamples/Weapon Effects/Prefabs/MuzzleFlash01 1.prefab
  artifactKey: Guid(c5a81abfa8e1740e589aca16d1c834f1) Importer(815301076,1909f56bfc062723c751e8b465ee728b)
Start importing Assets/EffectExamples/Weapon Effects/Prefabs/MuzzleFlash01 1.prefab using Guid(c5a81abfa8e1740e589aca16d1c834f1) Importer(815301076,1909f56bfc062723c751e8b465ee728b)  -> (artifact id: '46f74ad154837297c88bd82c40bf6194') in 0.063200 seconds 
  Import took 0.066356 seconds .

========================================================================
Received Import Request.
  Time since last request: 9.338735 seconds.
  path: Assets/EffectExamples/Weapon Effects/Prefabs/MuzzleFlashScaled.prefab
  artifactKey: Guid(c5a81abfa8e1740e589aca16d1c834f1) Importer(815301076,1909f56bfc062723c751e8b465ee728b)
Start importing Assets/EffectExamples/Weapon Effects/Prefabs/MuzzleFlashScaled.prefab using Guid(c5a81abfa8e1740e589aca16d1c834f1) Importer(815301076,1909f56bfc062723c751e8b465ee728b)  -> (artifact id: '8842033c05ceff5cdb805c616f7672a3') in 0.020525 seconds 
  Import took 0.025554 seconds .

========================================================================
Received Import Request.
  Time since last request: 9.518288 seconds.
  path: Assets/EffectExamples/Weapon Effects/Prefabs/MuzzleFlashNormal.prefab
  artifactKey: Guid(ad2ab49d0a2a17148bd51c93d977bdbc) Importer(815301076,1909f56bfc062723c751e8b465ee728b)
Start importing Assets/EffectExamples/Weapon Effects/Prefabs/MuzzleFlashNormal.prefab using Guid(ad2ab49d0a2a17148bd51c93d977bdbc) Importer(815301076,1909f56bfc062723c751e8b465ee728b)  -> (artifact id: 'c90828df3319a4209e605ddddcfd281e') in 0.020186 seconds 
  Import took 0.025194 seconds .

========================================================================
Received Import Request.
  Time since last request: 7.513493 seconds.
  path: Assets/EffectExamples/Weapon Effects/Prefabs/MuzzleFlashScaled.prefab
  artifactKey: Guid(c5a81abfa8e1740e589aca16d1c834f1) Importer(815301076,1909f56bfc062723c751e8b465ee728b)
Start importing Assets/EffectExamples/Weapon Effects/Prefabs/MuzzleFlashScaled.prefab using Guid(c5a81abfa8e1740e589aca16d1c834f1) Importer(815301076,1909f56bfc062723c751e8b465ee728b)  -> (artifact id: 'ba109d0e9b5ea1536dcbd19e15c8a71a') in 0.049392 seconds 
  Import took 0.054155 seconds .

========================================================================
Received Import Request.
  Time since last request: 1.758462 seconds.
  path: Assets/EffectExamples/Weapon Effects/Prefabs/MuzzleFlashScaled.prefab
  artifactKey: Guid(c5a81abfa8e1740e589aca16d1c834f1) Importer(815301076,1909f56bfc062723c751e8b465ee728b)
Start importing Assets/EffectExamples/Weapon Effects/Prefabs/MuzzleFlashScaled.prefab using Guid(c5a81abfa8e1740e589aca16d1c834f1) Importer(815301076,1909f56bfc062723c751e8b465ee728b)  -> (artifact id: '2257f9fea6521ceafda5463edc49c169') in 0.018622 seconds 
  Import took 0.023380 seconds .

========================================================================
Received Import Request.
  Time since last request: 18.509322 seconds.
  path: Assets/Prefabs/EasyEnemy.prefab
  artifactKey: Guid(8d2c932150e104dda949edfb79942c50) Importer(815301076,1909f56bfc062723c751e8b465ee728b)
Start importing Assets/Prefabs/EasyEnemy.prefab using Guid(8d2c932150e104dda949edfb79942c50) Importer(815301076,1909f56bfc062723c751e8b465ee728b)  -> (artifact id: '59bde1d4691e102abb8d02a537f0b7f3') in 0.058476 seconds 
  Import took 0.062921 seconds .

========================================================================
Received Import Request.
  Time since last request: 36.446604 seconds.
  path: Assets/EffectExamples/Misc Effects/Models/Candle.fbx
  artifactKey: Guid(47422950376b0d8458d22d6185bcdcb3) Importer(815301076,1909f56bfc062723c751e8b465ee728b)
Start importing Assets/EffectExamples/Misc Effects/Models/Candle.fbx using Guid(47422950376b0d8458d22d6185bcdcb3) Importer(815301076,1909f56bfc062723c751e8b465ee728b)  -> (artifact id: '7eb4c35c466fe1e982fb7e891cbabacc') in 0.367425 seconds 
  Import took 0.371004 seconds .

========================================================================
Received Prepare
Registering precompiled user dll's ...
Registered in 0.002298 seconds.
Begin MonoManager ReloadAssembly
Native extension for OSXStandalone target not found
Native extension for WebGL target not found
Refreshing native plugins compatible for Editor in 0.71 ms, found 2 plugins.
Preloading 0 native plugins for Editor in 0.00 ms.
Mono: successfully reloaded assembly
- Completed reload, in  1.406 seconds
Domain Reload Profiling:
	ReloadAssembly (1407ms)
		BeginReloadAssembly (138ms)
			ExecutionOrderSort (0ms)
			DisableScriptedObjects (6ms)
			BackupInstance (0ms)
			ReleaseScriptingObjects (0ms)
			CreateAndSetChildDomain (70ms)
		EndReloadAssembly (1192ms)
			LoadAssemblies (79ms)
			RebuildTransferFunctionScriptingTraits (0ms)
			SetupTypeCache (376ms)
			ReleaseScriptCaches (1ms)
			RebuildScriptCaches (55ms)
			SetupLoadedEditorAssemblies (529ms)
				LogAssemblyErrors (0ms)
				InitializePlatformSupportModulesInManaged (10ms)
				SetLoadedEditorAssemblies (1ms)
				RefreshPlugins (1ms)
				BeforeProcessingInitializeOnLoad (169ms)
				ProcessInitializeOnLoadAttributes (342ms)
				ProcessInitializeOnLoadMethodAttributes (5ms)
				AfterProcessingInitializeOnLoad (1ms)
				EditorAssembliesLoaded (0ms)
			ExecutionOrderSort2 (0ms)
			AwakeInstancesAfterBackupRestoration (8ms)
Platform modules already initialized, skipping
Refreshing native plugins compatible for Editor in 0.37 ms, found 2 plugins.
Preloading 0 native plugins for Editor in 0.00 ms.
Unloading 1461 Unused Serialized files (Serialized files now loaded: 0)
System memory in use before: 260.4 MB.
System memory in use after: 260.4 MB.

Unloading 16 unused Assets to reduce memory usage. Loaded Objects now: 1987.
Total: 3.209595 ms (FindLiveObjects: 0.191719 ms CreateObjectMapping: 0.059570 ms MarkObjects: 2.833989 ms  DeleteObjects: 0.123331 ms)

AssetImportParameters requested are different than current active one (requested -> active):
  custom:video-decoder-ogg-theora: a1e56fd34408186e4bbccfd4996cb3dc -> 
  custom:container-muxer-webm: aa71ff27fc2769a1b78a27578f13a17b -> 
  custom:container-demuxer-webm: 4f35f7cbe854078d1ac9338744f61a02 -> 
  custom:container-demuxer-ogg: 62fdf1f143b41e24485cea50d1cbac27 -> 
  custom:video-encoder-webm-vp8: eb34c28f22e8b96e1ab97ce403110664 -> 
  custom:framework-osx-AVFoundation: e770b220cccbd017edd2c1fefb359320 -> 
  custom:video-decoder-webm-vp8: 9c59270c3fd7afecdb556c50c9e8de78 -> 
  custom:audio-decoder-ogg-vorbis: bf7c407c2cedff20999df2af8eb42d56 -> 
  custom:audio-encoder-webm-vorbis: bf7c407c2cedff20999df2af8eb42d56 -> 
========================================================================
Received Import Request.
  Time since last request: 3.673068 seconds.
  path: Assets/Prefabs/MediumEnemy.prefab
  artifactKey: Guid(3a1286807fd024827b96cbdf5fa9997c) Importer(815301076,1909f56bfc062723c751e8b465ee728b)
Start importing Assets/Prefabs/MediumEnemy.prefab using Guid(3a1286807fd024827b96cbdf5fa9997c) Importer(815301076,1909f56bfc062723c751e8b465ee728b)  -> (artifact id: '9a46c49a099f4bd6ac178cc28a7101ac') in 0.088810 seconds 
  Import took 0.093294 seconds .

========================================================================
Received Import Request.
  Time since last request: 6.153136 seconds.
  path: Assets/Prefabs/MediumEnemy.prefab
  artifactKey: Guid(3a1286807fd024827b96cbdf5fa9997c) Importer(815301076,1909f56bfc062723c751e8b465ee728b)
Start importing Assets/Prefabs/MediumEnemy.prefab using Guid(3a1286807fd024827b96cbdf5fa9997c) Importer(815301076,1909f56bfc062723c751e8b465ee728b)  -> (artifact id: 'd1289e6574ba4251f21fc1961e138eb3') in 0.029357 seconds 
  Import took 0.037494 seconds .

========================================================================
Received Import Request.
  Time since last request: 11.363734 seconds.
  path: Assets/Prefabs/MediumEnemy.prefab
  artifactKey: Guid(3a1286807fd024827b96cbdf5fa9997c) Importer(815301076,1909f56bfc062723c751e8b465ee728b)
Start importing Assets/Prefabs/MediumEnemy.prefab using Guid(3a1286807fd024827b96cbdf5fa9997c) Importer(815301076,1909f56bfc062723c751e8b465ee728b)  -> (artifact id: 'a150ebe97b912772dc83ea056deede8a') in 0.023763 seconds 
  Import took 0.028543 seconds .

========================================================================
Received Import Request.
  Time since last request: 23.317461 seconds.
  path: Assets/Prefabs/HardEnemy.prefab
  artifactKey: Guid(8291124efcf704da6a23538d887fad9d) Importer(815301076,1909f56bfc062723c751e8b465ee728b)
Start importing Assets/Prefabs/HardEnemy.prefab using Guid(8291124efcf704da6a23538d887fad9d) Importer(815301076,1909f56bfc062723c751e8b465ee728b)  -> (artifact id: 'af6600e6e869843df085206a0d41d56a') in 0.033480 seconds 
  Import took 0.038714 seconds .

========================================================================
Received Import Request.
  Time since last request: 8.265633 seconds.
  path: Assets/Prefabs/HardEnemy.prefab
  artifactKey: Guid(8291124efcf704da6a23538d887fad9d) Importer(815301076,1909f56bfc062723c751e8b465ee728b)
Start importing Assets/Prefabs/HardEnemy.prefab using Guid(8291124efcf704da6a23538d887fad9d) Importer(815301076,1909f56bfc062723c751e8b465ee728b)  -> (artifact id: 'd1af2cfa67e76110d0148472a990ee72') in 0.028790 seconds 
  Import took 0.034688 seconds .

========================================================================
Received Import Request.
  Time since last request: 7.031892 seconds.
  path: Assets/Prefabs/HardEnemy.prefab
  artifactKey: Guid(8291124efcf704da6a23538d887fad9d) Importer(815301076,1909f56bfc062723c751e8b465ee728b)
Start importing Assets/Prefabs/HardEnemy.prefab using Guid(8291124efcf704da6a23538d887fad9d) Importer(815301076,1909f56bfc062723c751e8b465ee728b)  -> (artifact id: 'a1fa9c0ba0f75f44d877ffdbedb9cd53') in 0.026226 seconds 
  Import took 0.034015 seconds .

========================================================================
Received Import Request.
  Time since last request: 6.287449 seconds.
  path: Assets/Prefabs/HardEnemy.prefab
  artifactKey: Guid(8291124efcf704da6a23538d887fad9d) Importer(815301076,1909f56bfc062723c751e8b465ee728b)
Start importing Assets/Prefabs/HardEnemy.prefab using Guid(8291124efcf704da6a23538d887fad9d) Importer(815301076,1909f56bfc062723c751e8b465ee728b)  -> (artifact id: 'd4de52d7a38b9600fafc39da588c4dd1') in 0.023724 seconds 
  Import took 0.033092 seconds .

========================================================================
Received Import Request.
  Time since last request: 25.086693 seconds.
  path: Assets/Prefabs/Boss.prefab
  artifactKey: Guid(ecef0590e004d46b9b41ff2efd52b876) Importer(815301076,1909f56bfc062723c751e8b465ee728b)
Start importing Assets/Prefabs/Boss.prefab using Guid(ecef0590e004d46b9b41ff2efd52b876) Importer(815301076,1909f56bfc062723c751e8b465ee728b)  -> (artifact id: '48b5043521903726e6544d5c10182450') in 0.044428 seconds 
  Import took 0.050936 seconds .

========================================================================
Received Import Request.
  Time since last request: 7.286100 seconds.
  path: Assets/Prefabs/Boss.prefab
  artifactKey: Guid(ecef0590e004d46b9b41ff2efd52b876) Importer(815301076,1909f56bfc062723c751e8b465ee728b)
Start importing Assets/Prefabs/Boss.prefab using Guid(ecef0590e004d46b9b41ff2efd52b876) Importer(815301076,1909f56bfc062723c751e8b465ee728b)  -> (artifact id: 'd5a373ca461305749ba7a544fe8543b8') in 0.044798 seconds 
  Import took 0.051180 seconds .

========================================================================
Received Import Request.
  Time since last request: 7.329383 seconds.
  path: Assets/Prefabs/Boss.prefab
  artifactKey: Guid(ecef0590e004d46b9b41ff2efd52b876) Importer(815301076,1909f56bfc062723c751e8b465ee728b)
Start importing Assets/Prefabs/Boss.prefab using Guid(ecef0590e004d46b9b41ff2efd52b876) Importer(815301076,1909f56bfc062723c751e8b465ee728b)  -> (artifact id: 'ac95741fad2db3f01d39b349d56d9164') in 0.042981 seconds 
  Import took 0.048712 seconds .

========================================================================
Received Import Request.
  Time since last request: 7.476171 seconds.
  path: Assets/Prefabs/Boss.prefab
  artifactKey: Guid(ecef0590e004d46b9b41ff2efd52b876) Importer(815301076,1909f56bfc062723c751e8b465ee728b)
Start importing Assets/Prefabs/Boss.prefab using Guid(ecef0590e004d46b9b41ff2efd52b876) Importer(815301076,1909f56bfc062723c751e8b465ee728b)  -> (artifact id: 'bc45de7f3f27215b9be3ec0ba082d357') in 0.028792 seconds 
  Import took 0.034671 seconds .

========================================================================
Received Import Request.
  Time since last request: 6.482234 seconds.
  path: Assets/Prefabs/Boss.prefab
  artifactKey: Guid(ecef0590e004d46b9b41ff2efd52b876) Importer(815301076,1909f56bfc062723c751e8b465ee728b)
Start importing Assets/Prefabs/Boss.prefab using Guid(ecef0590e004d46b9b41ff2efd52b876) Importer(815301076,1909f56bfc062723c751e8b465ee728b)  -> (artifact id: '45b06ae6113ac5c41f25fd264d90151a') in 0.028186 seconds 
  Import took 0.034087 seconds .

========================================================================
Received Import Request.
  Time since last request: 7.479541 seconds.
  path: Assets/Prefabs/Boss.prefab
  artifactKey: Guid(ecef0590e004d46b9b41ff2efd52b876) Importer(815301076,1909f56bfc062723c751e8b465ee728b)
Start importing Assets/Prefabs/Boss.prefab using Guid(ecef0590e004d46b9b41ff2efd52b876) Importer(815301076,1909f56bfc062723c751e8b465ee728b)  -> (artifact id: '40712c6be072ddb732eb28ddf21b6ce5') in 0.023868 seconds 
  Import took 0.029860 seconds .

========================================================================
Received Import Request.
  Time since last request: 49.808576 seconds.
  path: Assets/Prefabs/Player.prefab
  artifactKey: Guid(a14b29f9ae1cd414fbe620b9b6059c84) Importer(815301076,1909f56bfc062723c751e8b465ee728b)
Start importing Assets/Prefabs/Player.prefab using Guid(a14b29f9ae1cd414fbe620b9b6059c84) Importer(815301076,1909f56bfc062723c751e8b465ee728b)  -> (artifact id: 'c9b858e47ae6cab07cc2eb413a71a970') in 0.051430 seconds 
  Import took 0.057467 seconds .

========================================================================
Received Import Request.
  Time since last request: 6.223523 seconds.
  path: Assets/Prefabs/Player.prefab
  artifactKey: Guid(a14b29f9ae1cd414fbe620b9b6059c84) Importer(815301076,1909f56bfc062723c751e8b465ee728b)
Start importing Assets/Prefabs/Player.prefab using Guid(a14b29f9ae1cd414fbe620b9b6059c84) Importer(815301076,1909f56bfc062723c751e8b465ee728b)  -> (artifact id: 'f4da13f449286fe9507ad3eab27538cb') in 0.049235 seconds 
  Import took 0.054290 seconds .

========================================================================
Received Import Request.
  Time since last request: 5.631108 seconds.
  path: Assets/Prefabs/Player.prefab
  artifactKey: Guid(a14b29f9ae1cd414fbe620b9b6059c84) Importer(815301076,1909f56bfc062723c751e8b465ee728b)
Start importing Assets/Prefabs/Player.prefab using Guid(a14b29f9ae1cd414fbe620b9b6059c84) Importer(815301076,1909f56bfc062723c751e8b465ee728b)  -> (artifact id: 'c699c068cca0f727feaafedfb97ca64c') in 0.038394 seconds 
  Import took 0.044018 seconds .

========================================================================
Received Import Request.
  Time since last request: 5.862916 seconds.
  path: Assets/Prefabs/Player.prefab
  artifactKey: Guid(a14b29f9ae1cd414fbe620b9b6059c84) Importer(815301076,1909f56bfc062723c751e8b465ee728b)
Start importing Assets/Prefabs/Player.prefab using Guid(a14b29f9ae1cd414fbe620b9b6059c84) Importer(815301076,1909f56bfc062723c751e8b465ee728b)  -> (artifact id: 'f7d98e50e3c2acddf9e7cd9e9260a767') in 0.025315 seconds 
  Import took 0.030233 seconds .

========================================================================
Received Prepare
Refreshing native plugins compatible for Editor in 3.24 ms, found 2 plugins.
Preloading 0 native plugins for Editor in 0.00 ms.
Unloading 13 Unused Serialized files (Serialized files now loaded: 0)
System memory in use before: 233.3 MB.
System memory in use after: 233.3 MB.

Unloading 13 unused Assets to reduce memory usage. Loaded Objects now: 1988.
Total: 4.400019 ms (FindLiveObjects: 0.312563 ms CreateObjectMapping: 0.076492 ms MarkObjects: 3.883900 ms  DeleteObjects: 0.126297 ms)

AssetImportParameters requested are different than current active one (requested -> active):
  custom:video-decoder-ogg-theora: a1e56fd34408186e4bbccfd4996cb3dc -> 
  custom:container-muxer-webm: aa71ff27fc2769a1b78a27578f13a17b -> 
  custom:container-demuxer-webm: 4f35f7cbe854078d1ac9338744f61a02 -> 
  custom:container-demuxer-ogg: 62fdf1f143b41e24485cea50d1cbac27 -> 
  custom:video-encoder-webm-vp8: eb34c28f22e8b96e1ab97ce403110664 -> 
  custom:framework-osx-AVFoundation: e770b220cccbd017edd2c1fefb359320 -> 
  custom:video-decoder-webm-vp8: 9c59270c3fd7afecdb556c50c9e8de78 -> 
  custom:audio-decoder-ogg-vorbis: bf7c407c2cedff20999df2af8eb42d56 -> 
  custom:audio-encoder-webm-vorbis: bf7c407c2cedff20999df2af8eb42d56 -> 
========================================================================
Received Prepare
Registering precompiled user dll's ...
Registered in 0.003445 seconds.
Begin MonoManager ReloadAssembly
Native extension for OSXStandalone target not found
Native extension for WebGL target not found
Refreshing native plugins compatible for Editor in 0.41 ms, found 2 plugins.
Preloading 0 native plugins for Editor in 0.00 ms.
Mono: successfully reloaded assembly
- Completed reload, in  1.393 seconds
Domain Reload Profiling:
	ReloadAssembly (1447ms)
		BeginReloadAssembly (244ms)
			ExecutionOrderSort (0ms)
			DisableScriptedObjects (12ms)
			BackupInstance (0ms)
			ReleaseScriptingObjects (0ms)
			CreateAndSetChildDomain (110ms)
		EndReloadAssembly (1114ms)
			LoadAssemblies (82ms)
			RebuildTransferFunctionScriptingTraits (0ms)
			SetupTypeCache (380ms)
			ReleaseScriptCaches (1ms)
			RebuildScriptCaches (56ms)
			SetupLoadedEditorAssemblies (454ms)
				LogAssemblyErrors (0ms)
				InitializePlatformSupportModulesInManaged (7ms)
				SetLoadedEditorAssemblies (1ms)
				RefreshPlugins (0ms)
				BeforeProcessingInitializeOnLoad (122ms)
				ProcessInitializeOnLoadAttributes (318ms)
				ProcessInitializeOnLoadMethodAttributes (4ms)
				AfterProcessingInitializeOnLoad (1ms)
				EditorAssembliesLoaded (0ms)
			ExecutionOrderSort2 (0ms)
			AwakeInstancesAfterBackupRestoration (8ms)
Platform modules already initialized, skipping
Refreshing native plugins compatible for Editor in 0.47 ms, found 2 plugins.
Preloading 0 native plugins for Editor in 0.00 ms.
Unloading 1461 Unused Serialized files (Serialized files now loaded: 0)
System memory in use before: 260.7 MB.
System memory in use after: 260.8 MB.

Unloading 15 unused Assets to reduce memory usage. Loaded Objects now: 1990.
Total: 3.588973 ms (FindLiveObjects: 0.261540 ms CreateObjectMapping: 0.070627 ms MarkObjects: 3.106446 ms  DeleteObjects: 0.149307 ms)

AssetImportParameters requested are different than current active one (requested -> active):
  custom:video-decoder-ogg-theora: a1e56fd34408186e4bbccfd4996cb3dc -> 
  custom:container-muxer-webm: aa71ff27fc2769a1b78a27578f13a17b -> 
  custom:container-demuxer-webm: 4f35f7cbe854078d1ac9338744f61a02 -> 
  custom:container-demuxer-ogg: 62fdf1f143b41e24485cea50d1cbac27 -> 
  custom:video-encoder-webm-vp8: eb34c28f22e8b96e1ab97ce403110664 -> 
  custom:framework-osx-AVFoundation: e770b220cccbd017edd2c1fefb359320 -> 
  custom:video-decoder-webm-vp8: 9c59270c3fd7afecdb556c50c9e8de78 -> 
  custom:audio-decoder-ogg-vorbis: bf7c407c2cedff20999df2af8eb42d56 -> 
  custom:audio-encoder-webm-vorbis: bf7c407c2cedff20999df2af8eb42d56 -> 
